{"name":"test002","id":"com.bestbuy.bestbuyinfo.StoreCRUDTestWithSteps:test002","testCaseName":"com.bestbuy.bestbuyinfo.StoreCRUDTestWithSteps","testSteps":[{"number":1,"description":"Verifying store is added : storeID 0","duration":486,"startTime":"2023-01-08T16:16:47.179Z[Europe/London]","exception":{"errorType":"java.lang.AssertionError","message":"1 expectation failed.\nExpected status code \u003c200\u003e but was \u003c404\u003e.\n","stackTrace":[{"declaringClass":"io.restassured.internal.ResponseSpecificationImpl","methodName":"validateResponseIfRequired","fileName":"ResponseSpecificationImpl.groovy","lineNumber":636},{"declaringClass":"io.restassured.internal.ResponseSpecificationImpl","methodName":"statusCode","fileName":"ResponseSpecificationImpl.groovy","lineNumber":122},{"declaringClass":"io.restassured.internal.ResponseSpecificationImpl","methodName":"statusCode","fileName":"ResponseSpecificationImpl.groovy","lineNumber":130},{"declaringClass":"io.restassured.internal.ValidatableResponseOptionsImpl","methodName":"statusCode","fileName":"ValidatableResponseOptionsImpl.java","lineNumber":117},{"declaringClass":"com.bestbuy.info.StoreSteps","methodName":"getStoreInfoByStoreID","fileName":"StoreSteps.java","lineNumber":45},{"declaringClass":"com.bestbuy.bestbuyinfo.StoreCRUDTestWithSteps","methodName":"test002","fileName":"StoreCRUDTestWithSteps.java","lineNumber":50}]},"result":"FAILURE","precondition":false,"children":[{"number":2,"description":"GET http://localhost:3030/products/stores/0\r\r","duration":1,"startTime":"2023-01-08T16:16:47.654Z[Europe/London]","result":"SUCCESS","restQuery":{"method":"GET","path":"http://localhost:3030/products/stores/0\r\r","content":"\r","contentType":"null","requestHeaders":"Accept\u003d*/*\r\r","requestCookies":"\r\r","responseHeaders":"X-Powered-By: Express\nAccess-Control-Allow-Origin: *\nContent-Type: application/json; charset\u003dutf-8\nContent-Length: 93\nETag: W/\"5d-QoCLoYQbBZvX9r0oLMz0KatYCKI\"\nVary: Accept-Encoding\nDate: Sun, 08 Jan 2023 16:16:47 GMT\nConnection: keep-alive\r","responseCookies":"\r","responseBody":"{\n    \"name\": \"NotFound\",\n    \"message\": \"Page not found\",\n    \"code\": 404,\n    \"className\": \"not-found\",\n    \"errors\": {\n        \n    }\n}","statusCode":404},"precondition":false}]}],"userStory":{"id":"com.bestbuy.bestbuyinfo.StoreCRUDTestWithSteps","storyName":"Store CRUD test with steps","storyClassName":"com.bestbuy.bestbuyinfo.StoreCRUDTestWithSteps","path":"com.bestbuy.bestbuyinfo","type":"story"},"featureTag":{"name":"Bestbuyinfo/Store CRUD test with steps","type":"story"},"title":"Verify if the product was added to application","tags":[{"name":"Bestbuyinfo/Store CRUD test with steps","type":"story"}],"startTime":"2023-01-08T16:16:47.176Z[Europe/London]","duration":522,"testFailureCause":{"errorType":"java.lang.AssertionError","message":"1 expectation failed.\nExpected status code \u003c200\u003e but was \u003c404\u003e.\n","stackTrace":[{"declaringClass":"io.restassured.internal.ResponseSpecificationImpl","methodName":"validateResponseIfRequired","fileName":"ResponseSpecificationImpl.groovy","lineNumber":636},{"declaringClass":"io.restassured.internal.ResponseSpecificationImpl","methodName":"statusCode","fileName":"ResponseSpecificationImpl.groovy","lineNumber":122},{"declaringClass":"io.restassured.internal.ResponseSpecificationImpl","methodName":"statusCode","fileName":"ResponseSpecificationImpl.groovy","lineNumber":130},{"declaringClass":"io.restassured.internal.ValidatableResponseOptionsImpl","methodName":"statusCode","fileName":"ValidatableResponseOptionsImpl.java","lineNumber":117},{"declaringClass":"com.bestbuy.info.StoreSteps","methodName":"getStoreInfoByStoreID","fileName":"StoreSteps.java","lineNumber":45},{"declaringClass":"com.bestbuy.bestbuyinfo.StoreCRUDTestWithSteps","methodName":"test002","fileName":"StoreCRUDTestWithSteps.java","lineNumber":50}]},"testFailureClassname":"java.lang.AssertionError","testFailureMessage":"1 expectation failed.\nExpected status code \u003c200\u003e but was \u003c404\u003e.\n","testFailureSummary":"FAILURE;java.lang.AssertionError;1 expectation failed.\nExpected status code \u003c200\u003e but was \u003c404\u003e.\n;ResponseSpecificationImpl.groovy","projectKey":"","annotatedResult":"FAILURE","manual":false,"testSource":"JUnit","result":"FAILURE"}