<?xml version="1.0" encoding="UTF-8"?><testsuite errors="2" failures="0" name="Testing different request on the store information" skipped="0" tests="2" time="5.43" timestamp="2023-01-10T13:04:41.455Z[Europe/London]"><testcase name="Check if the store information can be accessed by users"><error message="Invalid number of path parameters. Expected 1, was 0. Undefined path parameters are: storeID." type="java.lang.IllegalArgumentException">Invalid number of path parameters. Expected 1, was 0. Undefined path parameters are: storeID.</error><system-err>Invalid number of path parameters. Expected 1, was 0. Undefined path parameters are: storeID.&#13;
io.restassured.internal.RequestSpecificationImpl.assertCorrectNumberOfPathParams(RequestSpecificationImpl.groovy:1336)&#13;
groovy.lang.MetaMethod.doMethodInvoke(MetaMethod.java:325)&#13;
groovy.lang.MetaClassImpl.invokeMethod(MetaClassImpl.java:1213)&#13;
groovy.lang.MetaClassImpl.invokeMethod(MetaClassImpl.java:1022)&#13;
groovy.lang.MetaClassImpl.invokeMethod(MetaClassImpl.java:810)&#13;
io.restassured.internal.RequestSpecificationImpl.invokeMethod(RequestSpecificationImpl.groovy)&#13;
io.restassured.internal.RequestSpecificationImpl.sendRequest(RequestSpecificationImpl.groovy:1223)&#13;
groovy.lang.MetaMethod.doMethodInvoke(MetaMethod.java:325)&#13;
groovy.lang.MetaClassImpl.invokeMethod(MetaClassImpl.java:1213)&#13;
groovy.lang.MetaClassImpl.invokeMethod(MetaClassImpl.java:1022)&#13;
groovy.lang.MetaClassImpl.invokeMethod(MetaClassImpl.java:810)&#13;
io.restassured.internal.RequestSpecificationImpl.invokeMethod(RequestSpecificationImpl.groovy)&#13;
io.restassured.internal.filter.SendRequestFilter.filter(SendRequestFilter.groovy:30)&#13;
io.restassured.internal.filter.FilterContextImpl.next(FilterContextImpl.groovy:72)&#13;
io.restassured.filter.time.TimingFilter.filter(TimingFilter.java:56)&#13;
io.restassured.internal.filter.FilterContextImpl.next(FilterContextImpl.groovy:72)&#13;
io.restassured.filter.log.RequestLoggingFilter.filter(RequestLoggingFilter.java:124)&#13;
io.restassured.internal.filter.FilterContextImpl.next(FilterContextImpl.groovy:72)&#13;
io.restassured.filter.log.RequestLoggingFilter.filter(RequestLoggingFilter.java:124)&#13;
net.serenitybdd.rest.filters.FieldsRecordingFilter.filter(FieldsRecordingFilter.java:40)&#13;
io.restassured.internal.filter.FilterContextImpl.next(FilterContextImpl.groovy:72)&#13;
io.restassured.filter.log.RequestLoggingFilter.filter(RequestLoggingFilter.java:124)&#13;
net.serenitybdd.rest.filters.FieldsRecordingFilter.filter(FieldsRecordingFilter.java:40)&#13;
io.restassured.internal.filter.FilterContextImpl.next(FilterContextImpl.groovy:72)&#13;
io.restassured.filter.log.RequestLoggingFilter.filter(RequestLoggingFilter.java:124)&#13;
net.serenitybdd.rest.filters.FieldsRecordingFilter.filter(FieldsRecordingFilter.java:40)&#13;
io.restassured.internal.filter.FilterContextImpl.next(FilterContextImpl.groovy:72)&#13;
io.restassured.filter.log.RequestLoggingFilter.filter(RequestLoggingFilter.java:124)&#13;
net.serenitybdd.rest.filters.FieldsRecordingFilter.filter(FieldsRecordingFilter.java:40)&#13;
io.restassured.internal.filter.FilterContextImpl.next(FilterContextImpl.groovy:72)&#13;
io.restassured.filter.log.RequestLoggingFilter.filter(RequestLoggingFilter.java:124)&#13;
net.serenitybdd.rest.filters.FieldsRecordingFilter.filter(FieldsRecordingFilter.java:40)&#13;
io.restassured.internal.filter.FilterContextImpl.next(FilterContextImpl.groovy:72)&#13;
io.restassured.filter.log.RequestLoggingFilter.filter(RequestLoggingFilter.java:124)&#13;
net.serenitybdd.rest.filters.FieldsRecordingFilter.filter(FieldsRecordingFilter.java:40)&#13;
io.restassured.internal.filter.FilterContextImpl.next(FilterContextImpl.groovy:72)&#13;
io.restassured.internal.RequestSpecificationImpl.applyPathParamsAndSendRequest(RequestSpecificationImpl.groovy:1722)&#13;
groovy.lang.MetaMethod.doMethodInvoke(MetaMethod.java:325)&#13;
groovy.lang.MetaClassImpl.invokeMethod(MetaClassImpl.java:1213)&#13;
groovy.lang.MetaClassImpl.invokeMethod(MetaClassImpl.java:1022)&#13;
groovy.lang.MetaClassImpl.invokeMethod(MetaClassImpl.java:810)&#13;
io.restassured.internal.RequestSpecificationImpl.invokeMethod(RequestSpecificationImpl.groovy)&#13;
io.restassured.internal.RequestSpecificationImpl.applyPathParamsAndSendRequest(RequestSpecificationImpl.groovy:1728)&#13;
groovy.lang.MetaMethod.doMethodInvoke(MetaMethod.java:325)&#13;
groovy.lang.MetaClassImpl.invokeMethod(MetaClassImpl.java:1213)&#13;
groovy.lang.MetaClassImpl.invokeMethod(MetaClassImpl.java:1022)&#13;
groovy.lang.MetaClassImpl.invokeMethod(MetaClassImpl.java:810)&#13;
io.restassured.internal.RequestSpecificationImpl.invokeMethod(RequestSpecificationImpl.groovy)&#13;
io.restassured.internal.RequestSpecificationImpl.get(RequestSpecificationImpl.groovy:168)&#13;
net.serenitybdd.rest.decorators.request.RequestSpecificationDecorated.execute(RequestSpecificationDecorated.java:227)&#13;
net.serenitybdd.rest.decorators.request.RequestSpecificationDecorated.get(RequestSpecificationDecorated.java:48)&#13;
net.serenitybdd.rest.decorators.request.RequestSpecificationDecorated.get(RequestSpecificationDecorated.java:27)&#13;
com.bestbuy.info.StoreSteps.getAllStoresInfo(StoreSteps.java:108)&#13;
com.bestbuy.cucumber.steps.StoreStepdefs.userSendsAGetRequestToStoreEndpoint(StoreStepdefs.java:28)&#13;
âœ½.When User sends a Get request to store endpoint(src/test/java/resources/feature/store.feature:4)&#13;
</system-err></testcase><testcase name="Create a new store &amp; verify if the store is added"><error message="Arity mismatch: Step Definition 'com.bestbuy.cucumber.steps.StoreStepdefs.iCreateANewStoreByProvidingTheInformationNameTypeAddressAddressCityStateZipLatLngHours(String,String,String,String,String,String,String,double,double,String) in file:/C:/Users/giris/IdeaProjects/bestbuy-serenity-wk-19-Priya/target/test-classes/' with pattern [^I create a new store by providing the information name &quot;([^&quot;]*)&quot; type &quot;([^&quot;]*)&quot; address &quot;([^&quot;]*)&quot; address(\d+) &quot;([^&quot;]*)&quot; city &quot;([^&quot;]*)&quot; state &quot;([^&quot;]*)&quot; zip &quot;([^&quot;]*)&quot; lat &quot;([^&quot;]*)&quot; lng &quot;([^&quot;]*)&quot; hours &quot;([^&quot;]*)&quot;$] is declared with 10 parameters. However, the gherkin step has 11 arguments [Minnetonka, BigBox, 13513 ridgedale, 2, , Hopkins, MN, 55305, , , ]. &#10;Step: When I create a new store by providing the information name &quot;Minnetonka&quot; type &quot;BigBox&quot; address &quot;13513 ridgedale&quot; address2 &quot;&quot; city &quot;Hopkins&quot; state &quot;MN&quot; zip &quot;55305&quot; lat &quot;&quot; lng &quot;&quot; hours &quot;&quot;" type="cucumber.runtime.CucumberException">Arity mismatch: Step Definition 'com.bestbuy.cucumber.steps.StoreStepdefs.iCreateANewStoreByProvidingTheInformationNameTypeAddressAddressCityStateZipLatLngHours(String,String,String,String,String,String,String,double,double,String) in file:/C:/Users/giris/IdeaProjects/bestbuy-serenity-wk-19-Priya/target/test-classes/' with pattern [^I create a new store by providing the information name "([^"]*)" type "([^"]*)" address "([^"]*)" address(\d+) "([^"]*)" city "([^"]*)" state "([^"]*)" zip "([^"]*)" lat "([^"]*)" lng "([^"]*)" hours "([^"]*)"$] is declared with 10 parameters. However, the gherkin step has 11 arguments [Minnetonka, BigBox, 13513 ridgedale, 2, , Hopkins, MN, 55305, , , ]. 
Step: When I create a new store by providing the information name "Minnetonka" type "BigBox" address "13513 ridgedale" address2 "" city "Hopkins" state "MN" zip "55305" lat "" lng "" hours ""</error><system-err>Arity mismatch: Step Definition 'com.bestbuy.cucumber.steps.StoreStepdefs.iCreateANewStoreByProvidingTheInformationNameTypeAddressAddressCityStateZipLatLngHours(String,String,String,String,String,String,String,double,double,String) in file:/C:/Users/giris/IdeaProjects/bestbuy-serenity-wk-19-Priya/target/test-classes/' with pattern [^I create a new store by providing the information name "([^"]*)" type "([^"]*)" address "([^"]*)" address(\d+) "([^"]*)" city "([^"]*)" state "([^"]*)" zip "([^"]*)" lat "([^"]*)" lng "([^"]*)" hours "([^"]*)"$] is declared with 10 parameters. However, the gherkin step has 11 arguments [Minnetonka, BigBox, 13513 ridgedale, 2, , Hopkins, MN, 55305, , , ]. 
Step: When I create a new store by providing the information name "Minnetonka" type "BigBox" address "13513 ridgedale" address2 "" city "Hopkins" state "MN" zip "55305" lat "" lng "" hours ""&#13;
</system-err></testcase></testsuite>